<?xml version="1.0" encoding="UTF-8"?>
<testng-results ignored="0" total="2" passed="2" failed="0" skipped="0">
  <reporter-output>
  </reporter-output>
  <suite started-at="2023-05-25T20:10:43 IST" name="Testing" finished-at="2023-05-25T20:11:03 IST" duration-ms="19981">
    <groups>
    </groups>
    <test started-at="2023-05-25T20:10:43 IST" name="Login Logout" finished-at="2023-05-25T20:10:51 IST" duration-ms="8411">
      <class name="testCases.TC001_Login_Logout">
        <test-method is-config="true" signature="beforeTest()[pri:0, instance:testCases.TC001_Login_Logout@44ebcd03]" started-at="2023-05-25T20:10:43 IST" name="beforeTest" finished-at="2023-05-25T20:10:44 IST" duration-ms="606" status="PASS">
          <reporter-output>
          </reporter-output>
        </test-method> <!-- beforeTest -->
        <test-method is-config="true" signature="launchBrowser()[pri:0, instance:testCases.TC001_Login_Logout@44ebcd03]" started-at="2023-05-25T20:10:44 IST" name="launchBrowser" finished-at="2023-05-25T20:10:49 IST" duration-ms="5584" status="PASS">
          <reporter-output>
          </reporter-output>
        </test-method> <!-- launchBrowser -->
        <test-method signature="tc001_Login_Logout()[pri:0, instance:testCases.TC001_Login_Logout@44ebcd03]" started-at="2023-05-25T20:10:49 IST" name="tc001_Login_Logout" finished-at="2023-05-25T20:10:51 IST" duration-ms="1818" status="PASS">
          <reporter-output>
          </reporter-output>
        </test-method> <!-- tc001_Login_Logout -->
        <test-method is-config="true" signature="tearDown()[pri:0, instance:testCases.TC001_Login_Logout@44ebcd03]" started-at="2023-05-25T20:10:51 IST" name="tearDown" finished-at="2023-05-25T20:10:51 IST" duration-ms="121" status="PASS">
          <reporter-output>
          </reporter-output>
        </test-method> <!-- tearDown -->
        <test-method is-config="true" signature="afterTest()[pri:0, instance:testCases.TC001_Login_Logout@44ebcd03]" started-at="2023-05-25T20:10:51 IST" name="afterTest" finished-at="2023-05-25T20:10:51 IST" duration-ms="254" status="PASS">
          <reporter-output>
          </reporter-output>
        </test-method> <!-- afterTest -->
      </class> <!-- testCases.TC001_Login_Logout -->
    </test> <!-- Login Logout -->
    <test started-at="2023-05-25T20:10:51 IST" name="Login New Customer Logout" finished-at="2023-05-25T20:11:03 IST" duration-ms="11526">
      <class name="testCases.TC002_Login_NewCustomer">
        <test-method is-config="true" signature="beforeSuite()[pri:0, instance:testCases.TC002_Login_NewCustomer@8f4ea7c]" started-at="2023-05-25T20:10:43 IST" name="beforeSuite" finished-at="2023-05-25T20:10:43 IST" duration-ms="217" status="PASS">
          <reporter-output>
          </reporter-output>
        </test-method> <!-- beforeSuite -->
        <test-method is-config="true" signature="beforeTest()[pri:0, instance:testCases.TC002_Login_NewCustomer@8f4ea7c]" started-at="2023-05-25T20:10:51 IST" name="beforeTest" finished-at="2023-05-25T20:10:51 IST" duration-ms="60" status="PASS">
          <reporter-output>
          </reporter-output>
        </test-method> <!-- beforeTest -->
        <test-method is-config="true" signature="launchBrowser()[pri:0, instance:testCases.TC002_Login_NewCustomer@8f4ea7c]" started-at="2023-05-25T20:10:51 IST" name="launchBrowser" finished-at="2023-05-25T20:10:56 IST" duration-ms="4105" status="PASS">
          <reporter-output>
          </reporter-output>
        </test-method> <!-- launchBrowser -->
        <test-method signature="tc002_Login_NewCustomer()[pri:0, instance:testCases.TC002_Login_NewCustomer@8f4ea7c]" started-at="2023-05-25T20:10:56 IST" name="tc002_Login_NewCustomer" finished-at="2023-05-25T20:11:03 IST" duration-ms="7222" status="PASS">
          <reporter-output>
          </reporter-output>
        </test-method> <!-- tc002_Login_NewCustomer -->
        <test-method is-config="true" signature="tearDown()[pri:0, instance:testCases.TC002_Login_NewCustomer@8f4ea7c]" started-at="2023-05-25T20:11:03 IST" name="tearDown" finished-at="2023-05-25T20:11:03 IST" duration-ms="115" status="PASS">
          <reporter-output>
          </reporter-output>
        </test-method> <!-- tearDown -->
        <test-method is-config="true" signature="afterTest()[pri:0, instance:testCases.TC002_Login_NewCustomer@8f4ea7c]" started-at="2023-05-25T20:11:03 IST" name="afterTest" finished-at="2023-05-25T20:11:03 IST" duration-ms="21" status="PASS">
          <reporter-output>
          </reporter-output>
        </test-method> <!-- afterTest -->
      </class> <!-- testCases.TC002_Login_NewCustomer -->
    </test> <!-- Login New Customer Logout -->
  </suite> <!-- Testing -->
</testng-results>
