<?xml version="1.0" encoding="UTF-8"?>
<testng-results ignored="0" total="3" passed="3" failed="0" skipped="0">
  <reporter-output>
  </reporter-output>
  <suite started-at="2023-05-24T16:14:29 IST" name="Testing" finished-at="2023-05-24T16:15:02 IST" duration-ms="33254">
    <groups>
    </groups>
    <test started-at="2023-05-24T16:14:29 IST" name="Login Logout" finished-at="2023-05-24T16:14:37 IST" duration-ms="7725">
      <class name="testCases.TC001_Login_Logout">
        <test-method is-config="true" signature="beforeTest()[pri:0, instance:testCases.TC001_Login_Logout@e350b40]" started-at="2023-05-24T16:14:29 IST" name="beforeTest" finished-at="2023-05-24T16:14:30 IST" duration-ms="543" status="PASS">
          <reporter-output>
          </reporter-output>
        </test-method> <!-- beforeTest -->
        <test-method is-config="true" signature="launchBrowser()[pri:0, instance:testCases.TC001_Login_Logout@e350b40]" started-at="2023-05-24T16:14:30 IST" name="launchBrowser" finished-at="2023-05-24T16:14:35 IST" duration-ms="4920" status="PASS">
          <reporter-output>
          </reporter-output>
        </test-method> <!-- launchBrowser -->
        <test-method signature="tc001_Login_Logout()[pri:0, instance:testCases.TC001_Login_Logout@e350b40]" started-at="2023-05-24T16:14:35 IST" name="tc001_Login_Logout" finished-at="2023-05-24T16:14:36 IST" duration-ms="1795" status="PASS">
          <reporter-output>
          </reporter-output>
        </test-method> <!-- tc001_Login_Logout -->
        <test-method is-config="true" signature="tearDown()[pri:0, instance:testCases.TC001_Login_Logout@e350b40]" started-at="2023-05-24T16:14:36 IST" name="tearDown" finished-at="2023-05-24T16:14:37 IST" duration-ms="195" status="PASS">
          <reporter-output>
          </reporter-output>
        </test-method> <!-- tearDown -->
        <test-method is-config="true" signature="afterTest()[pri:0, instance:testCases.TC001_Login_Logout@e350b40]" started-at="2023-05-24T16:14:37 IST" name="afterTest" finished-at="2023-05-24T16:14:37 IST" duration-ms="240" status="PASS">
          <reporter-output>
          </reporter-output>
        </test-method> <!-- afterTest -->
      </class> <!-- testCases.TC001_Login_Logout -->
    </test> <!-- Login Logout -->
    <test started-at="2023-05-24T16:14:37 IST" name="Login New Customer Logout" finished-at="2023-05-24T16:14:50 IST" duration-ms="12721">
      <class name="testCases.TC002_Login_NewCustomer">
        <test-method is-config="true" signature="beforeTest()[pri:0, instance:testCases.TC002_Login_NewCustomer@543295b0]" started-at="2023-05-24T16:14:37 IST" name="beforeTest" finished-at="2023-05-24T16:14:37 IST" duration-ms="34" status="PASS">
          <reporter-output>
          </reporter-output>
        </test-method> <!-- beforeTest -->
        <test-method is-config="true" signature="launchBrowser()[pri:0, instance:testCases.TC002_Login_NewCustomer@543295b0]" started-at="2023-05-24T16:14:37 IST" name="launchBrowser" finished-at="2023-05-24T16:14:41 IST" duration-ms="4486" status="PASS">
          <reporter-output>
          </reporter-output>
        </test-method> <!-- launchBrowser -->
        <test-method signature="tc002_Login_NewCustomer()[pri:0, instance:testCases.TC002_Login_NewCustomer@543295b0]" started-at="2023-05-24T16:14:41 IST" name="tc002_Login_NewCustomer" finished-at="2023-05-24T16:14:50 IST" duration-ms="8042" status="PASS">
          <reporter-output>
          </reporter-output>
        </test-method> <!-- tc002_Login_NewCustomer -->
        <test-method is-config="true" signature="tearDown()[pri:0, instance:testCases.TC002_Login_NewCustomer@543295b0]" started-at="2023-05-24T16:14:50 IST" name="tearDown" finished-at="2023-05-24T16:14:50 IST" duration-ms="131" status="PASS">
          <reporter-output>
          </reporter-output>
        </test-method> <!-- tearDown -->
        <test-method is-config="true" signature="afterTest()[pri:0, instance:testCases.TC002_Login_NewCustomer@543295b0]" started-at="2023-05-24T16:14:50 IST" name="afterTest" finished-at="2023-05-24T16:14:50 IST" duration-ms="24" status="PASS">
          <reporter-output>
          </reporter-output>
        </test-method> <!-- afterTest -->
      </class> <!-- testCases.TC002_Login_NewCustomer -->
    </test> <!-- Login New Customer Logout -->
    <test started-at="2023-05-24T16:14:50 IST" name="New Customer" finished-at="2023-05-24T16:15:02 IST" duration-ms="12785">
      <class name="testCases.TC003_Add_New_Customer">
        <test-method is-config="true" signature="beforeSuite()[pri:0, instance:testCases.TC003_Add_New_Customer@3b0fe47a]" started-at="2023-05-24T16:14:29 IST" name="beforeSuite" finished-at="2023-05-24T16:14:29 IST" duration-ms="211" status="PASS">
          <reporter-output>
          </reporter-output>
        </test-method> <!-- beforeSuite -->
        <test-method is-config="true" signature="beforeTest()[pri:0, instance:testCases.TC003_Add_New_Customer@3b0fe47a]" started-at="2023-05-24T16:14:50 IST" name="beforeTest" finished-at="2023-05-24T16:14:50 IST" duration-ms="28" status="PASS">
          <reporter-output>
          </reporter-output>
        </test-method> <!-- beforeTest -->
        <test-method is-config="true" signature="launchBrowser()[pri:0, instance:testCases.TC003_Add_New_Customer@3b0fe47a]" started-at="2023-05-24T16:14:50 IST" name="launchBrowser" finished-at="2023-05-24T16:14:55 IST" duration-ms="4956" status="PASS">
          <reporter-output>
          </reporter-output>
        </test-method> <!-- launchBrowser -->
        <test-method signature="tc003_Add_New_Customer()[pri:0, instance:testCases.TC003_Add_New_Customer@3b0fe47a]" started-at="2023-05-24T16:14:55 IST" name="tc003_Add_New_Customer" finished-at="2023-05-24T16:15:01 IST" duration-ms="6640" status="PASS">
          <reporter-output>
          </reporter-output>
        </test-method> <!-- tc003_Add_New_Customer -->
        <test-method is-config="true" signature="tearDown()[pri:0, instance:testCases.TC003_Add_New_Customer@3b0fe47a]" started-at="2023-05-24T16:15:01 IST" name="tearDown" finished-at="2023-05-24T16:15:02 IST" duration-ms="1137" status="PASS">
          <reporter-output>
          </reporter-output>
        </test-method> <!-- tearDown -->
        <test-method is-config="true" signature="afterTest()[pri:0, instance:testCases.TC003_Add_New_Customer@3b0fe47a]" started-at="2023-05-24T16:15:02 IST" name="afterTest" finished-at="2023-05-24T16:15:02 IST" duration-ms="19" status="PASS">
          <reporter-output>
          </reporter-output>
        </test-method> <!-- afterTest -->
      </class> <!-- testCases.TC003_Add_New_Customer -->
    </test> <!-- New Customer -->
  </suite> <!-- Testing -->
</testng-results>
